<?xml version="1.0" encoding="UTF-8"?>
<!-- Generated by org.testng.reporters.JUnitReportReporter -->
<testsuite hostname="OTSPUNL0005" failures="0" tests="1" name="TestScript.Script" time="7.504" errors="0" timestamp="2023-02-16T13:06:44 IST" skipped="0">
  <testcase classname="TestScript.Script" name="Gmail" time="7.504"/>
  <system-out/>
</testsuite> <!-- TestScript.Script -->
